[  0.00000]Initialiin cgroupubys cpse
[    0.00000]Initaling cgrou ssys cu[    0.0000] Intiizing grup subsys cuat
[  0.000] Linux vesion .4-36-geric (uidd@lcy01-1) (gcc version 5.4.0 20160609 (Ubuntu 5.4.0-6ubuntu1~16.04.2) ) #55-Ubuntu SMP Thu Aug 11 18:01:55 UTC 216 (Ubuntu 4.036.55-enic 44.6)
[    .00000] omnd line:BOT_IMA=/ootvmnuz-4.4.036enericrot=UUID=5432bf-c5f6-949-9e20-032df1aaa161 ro net.ifnames=0 biosdevname=0 console=tty1 console=ttyS0
[    0.000000] KERNEL supported cpus:
[    0.000000]   Intel GenuineIntel
[    0.000000]   AMD AuthenticA
[  0.0000] Centaur entaurHauls
[    0.000000] x86/fpu: xstate_offset[2]:  56, xsatsizes]: 256
   0000000]x86/fpu: Spprtin XAVE eare 0x01: 'x87 floating point registers'
[    0.000000] x86/fpu: Supporting XSAVE feature 0x02: 'SSE registers'
[    0.000000] x86/fpu: Supporting XSAVE feature 0x04: 'AVX registers'
[    0.000000] x86/fpu: Enabled xstate features 0x7, context size is 832 bytes, using 'standard' format.
   0.000] x6/u: Usnglazy' F cntex stches.
[   0.0000] e820: BIOS-provided physical RAM map:
[    .00000] IOe820: [mm x0000000000000x00000009fbf]sable[   0.0000 BIOe820: mem 0000000000009fc00-0x000000000009ffff] reserved
[    0.000000] BIOS-e820: [mem 0x00000000000f0000-0x00000000000fffff] reserved
[    0.000000] BIOS-e820: [mem 0x0000000000100000-0x000000005f3effff] usable
[    0.000000] BIOS-e820: [mem 0x000000005f3f0000-0x000000005f3fffff] ACPI data
[    0.000000] BIOS-e820: [mem 0x00000000fec00000-0x00000000fec00fff] reserved
[    0.000000] BIOS-e820: [mem 0x00000000fee00000-0x00000000fee00fff] resrvd
  0.000000 BOSe820:me 0x0000000ffc000x0000000ffffff rerved[   000000]NXExecteisable)prectio: tive
[    0.00000] SMIO2.5 rent.
  0.00000] Hypervisor detected:: KVM
[    0.000000] e820: last_pfn = 0x5f3f0 max_arch_pfn = 0x400000000
[    0.000000] x86/PAT: Configuration [0-7]: WB  WC  UC- UC  WB  WC  UC- WT 
[    0.000000] MTRR: Disabled
[   0.000000] CP MRRs al bnk - vituizedsytem.[   0.000] foun S MP-abl at [me0x00ff-0x00fff] ppd at [fff80000ff]
[   0.0000 Snning 1areas for low memory corruption
[    0.000000] RAMDISK: [mem 0x371b8000x8d3fff
   0.00000] ACP: Earlytable checksum verification isabled
[    0.000000] ACPI: RSDP 0x00000000000E0000 000024 (v0 VOX 
    0.000000] ACPI: XSDT 0x000000005F3F0030 00003C (v01 VBOX   VBOXXSDT 00000001 ASL  00000061)
[    0.000000] ACPI: FACP 0x000000005F3F00F0 0000F4 (v04 VBOX   VBOXFACP 00000001 ASL  0000001)
[    0.000000] ACPI: DSDT 0x000000005F3F0470 00210F (v01 VBOX   VBOXBIOS 00000002 INTL 20100528)
[    0.000000] ACPI: FACS 0x000000005F3F0200 000040
[    0.000000] ACPI: FACS 0x000000005F3F0200 000040
[    0.000000] ACPI: APIC 0x000000005F3F0240 00005C (v02 VBOX   VBOXAPIC 00000001 ASL  00000061)
[    0.000000] ACPI: SSDT 0x000000005F3F02A0 0001CC (v01 VBOX   VBXCT 00002 INTL 20100528)
[    0.000] N NUMA conguation found
[    0.000000] Fain a node at [mem 0x0000000000000000-0x000000005f3effff]
[    0.00000] NODDAA(0alocated me0x5f3000-0x5f3eff
[    00000] kvm-clck Uinmsrs 456d01 nd 4b564d00
[   0.000000] kvm-clock: pu0, ms0:f3e701primary u clock
[   0.0000]vmclck uing sedofseof 35281152 ycl
    0.0000 clocksource: kvm-clock: mask: 0xffffffffffffffff max_cycles: 0x1cd42e4dffb, max_idlens 881505483 ns
[    0.000000] Zone ranges:
[    0.000000]   DMA      [mem 0x0000000000001000-0x0000000000ffffff]
[    0.000000]   DMA32    [mem 0x0000000001000000-0x000000005f3effff]
[    0.00000]  rmal   pty
[   .0000]   Devic  emp
    0.000] Moabe zoe art fr ch noe[  0.00000 Ely mmo node raes
[  00000   nde 0: [m x000000000000-x0000000009efff]
[    0.000000]   noe  0: [emx0000000010000-0x00000005ffff]
[   .000000] Intmm setup node0 mem 000000000000-00000005f3efff]
[  000000] PI: PM-TimerO Pot:0x008[   0.0000]IOIC[0]apc_id 2 vsion32addres xfec00000, GSI 0-23
[    .000000 ACPIINT_SRC_OVR (bus 0 bus_irq0 gloal_rq 2 fldfl
   00000] ACPI INT_RC_OVR(b 0 bus_iq  gloalrq 9 iglevel
   0.000] Usin API(MADT)foSMP onguratonnformti
[   000000]smoot:llowin 2CPU 0hotluCPUs
    0.000000] PM: Registere nosave memry[mem 0x00000000-0x00000fff]
[    0.00000] M: Rgiered nosveemory [em 0x00000-x09fff][    00000] P Rgister nsae memory [em 0x00a0000x000effff]
    0.00000] PM: Registered nosave mmory: [mem 0x000f0000-0x000fffff]
[    0.000000] e820: [mem0x5f4000-0xfebfffff] available for PCI devices
[   0.000000] Booting paravirtualized kernel on KV
[    0.00000 clocksourc: efined-jiffies: mask: 0xffffffff max_cycles: 0xffffffff, max_idle_ns: 7645519600211568 ns
[    0.000000] setup_percpu: NR_CPUS:256 nr_cpumask_bits:256 nr_cpu_ids:2 nr_node_ids:1
[    0.000000] PERCPU: Embedded 33 pages/cpu @ffff88005f000000 s98008 r8192 d28968 u1048576
[    0.000000] PV qspinlock hh ablenries: 56order0,4096 bytes)
[    0.000000] Built 1 zonelstin Node order, mobility grouping on.  Total pages: 383913
[    0.000000] Policy zone: DMA32
[    0.000000] Knel cmad line BT_IMGEbootvmnuz-4.4.0-36-generic root=UUID=c54032bf-c5f6-4949-9e20-032df1aaa161 ro net.ifnames=0 biosdevname=0 consol=tty1 consol=ttyS0
[   .00000PID has tblenties: 4096(order: 3, 32768 bytes)
[    0.000000] Memory: 1509168K/156120Kavailale(839K rnel coe,1282K wdta, 394K data140K iit1292K bss 552K esved, 0 c-reserv)
[  0000000]SLB: HWalign=6, der=0, inObecs=0, CPUs=2, Nodes=1
[    0.000000] Hierarchical RCU implementation.
[    0.000000] 	Build-time adjustment of leaf fanout to 64.
[    0.000000] 	RCU restricting CPUs from NR_CPUS=256 to nr_cpu_ids=2.
[    0.000000] RCU: Adjusting geometry for rcu_fanout_leaf=64, nr_cpu_ids=2
[    0.000000] NR_IRQS:16640 nr_irqs:440 16
[    0.000000] Console: colour VGA+ 80x25
[    0.000000] console [tty1] enabled
[    0.000000] console [ttyS0] enabled
[    0.000000] tsc: Detected 1199.999 MHz processor
[   14.449323] Calibrating delay loop (skipped) preset value.. 2399.99 BogoMIPS (lpj=4799996)
[   14.521855] pid_max: default: 32768 minimum: 301
[   14.548857] ACPI: Core revision 20150930
[   14.590821] ACPI: 2 ACPI AML tables successfully acquired and loaded
[   14.593105] Security Framework initialized
[   14.599184] Yama: becoming mindful.
[   14.600334] AppArmor: AppArmor initialized
[   14.616450] Dentry cache hash table entries: 262144 (order: 9, 2097152 bytes)
[   14.658691] Inode-cache hash table entries: 131072 (order: 8, 1048576 bytes)
[   14.698833] Mount-cache hash table entries: 4096 (order: 3, 32768 bytes)
[   14.710111] Mountpoint-cache hash table entries: 4096 (order: 3, 32768 bytes)
[   14.747183] Initializing cgroup subsys io
[   14.773576] Initializing cgroup subsys memory
[   14.774872] Initializing cgroup subsys devices
[   14.776171] Initializing cgroup subsys freezer
[   14.828317] Initializing cgroup subsys net_cls
[   14.833670] Initializing cgroup subsys perf_event
[   14.835116] Initializing cgroup subsys net_prio
[   14.836545] Initializing cgroup subsys hugetlb
[   14.837855] Initializing cgroup subsys pids
[   14.839219] CPU: Physical Processor ID: 0
[   14.840467] CPU: Processor Core ID: 0
[   14.842884] mce: CPU supports 0 MCE banks
[   14.882506] Last level iTLB entries: 4KB 64, 2MB 8, 4MB 8
[   14.950551] Last level dTLB entries: 4KB 64, 2MB 0, 4MB 0, 1GB 4
[   15.051611] Freeing SMP alternatives memory: 28K (ffffffff820b4000 - ffffffff820bb000)
[   15.132435] ftrace: allocating 31996 entries in 125 pages
[   15.205554] smpboot: Max logical packages: 1
[   15.273335] smpboot: APIC(0) Converting physical 0 to logical package 0
[   15.369013] x2apic enabled
[   15.389285] Switched APIC routing to physical x2apic.
[   15.392536] ..TIMER: vector=0x30 apic1=0 pin1=2 apic2=-1 pin2=-1
[   15.585248] smpboot: CPU0: Intel(R) Core(TM) M-5Y51 CPU @ 1.10GHz (family: 0x6, model: 0x3d, stepping: 0x4)
[   15.650232] Performance Events: unsupported p6 CPU model 61 no PMU driver, software events only.
[   15.730721] KVM setup paravirtual spinlock
[   15.733191] x86: Booting SMP configuration:
[   15.786210] .... node  #0, CPUs:      #1
[   15.822541] kvm-clock: cpu 1, msr 0:5f3e7041, secondary cpu clock
[   15.836468] mce: CPU supports 0 MCE banks
[   15.839516] x86: Booted up 1 node, 2 CPUs
[   15.880134] smpboot: Total of 2 processors activated (4799.99 BogoMIPS)
[   15.948998] devtmpfs: initialized
[   15.959507] evm: security.selinux
[   15.991333] evm: security.SMACK64
[   16.025419] evm: security.SMACK64EXEC
[   16.060257] evm: security.SMACK64TRANSMUTE
[   16.087906] evm: security.SMACK64MMAP
[   16.120131] evm: security.ima
[   16.146452] evm: security.capability
[   16.178303] clocksource: jiffies: mask: 0xffffffff max_cycles: 0xffffffff, max_idle_ns: 7645041785100000 ns
[   16.268309] pinctrl core: initialized pinctrl subsystem
[   16.324845] RTC time: 12:32:17, date: 09/21/16
[   16.365705] NET: Registered protocol family 16
[   16.426956] cpuidle: using governor ladder
[   16.490800] cpuidle: using governor menu
[   16.534993] PCCT header not found.
[   16.542276] ACPI: bus type PCI registered
[   16.543519] acpiphp: ACPI Hot Plug PCI Controller Driver version: 0.5
[   16.573084] PCI: Using configuration type 1 for base access
[   16.612020] ACPI: Added _OSI(Module Device)
[   16.647601] ACPI: Added _OSI(Processor Device)
[   16.653788] ACPI: Added _OSI(3.0 _SCP Extensions)
[   16.666864] ACPI: Added _OSI(Processor Aggregator Device)
[   16.710062] ACPI: Executed 1 blocks of module-level executable AML code
[   16.726920] ACPI: Interpreter enabled
[   16.755064] ACPI Exception: AE_NOT_FOUND, While evaluating Sleep State [\_S1_] (20150930/hwxface-580)
[   16.833885] ACPI Exception: AE_NOT_FOUND, While evaluating Sleep State [\_S2_] (20150930/hwxface-580)
[   16.852171] ACPI Exception: AE_NOT_FOUND, While evaluating Sleep State [\_S3_] (20150930/hwxface-580)
[   16.860628] ACPI Exception: AE_NOT_FOUND, While evaluating Sleep State [\_S4_] (20150930/hwxface-580)
[   16.864862] ACPI: (supports S0 S5)
[   16.882319] ACPI: Using IOAPIC for interrupt routing
[   16.904358] PCI: Using host bridge windows from ACPI; if necessary, use "pci=nocrs" and report a bug
[   16.973681] ACPI: PCI Root Bridge [PCI0] (domain 0000 [bus 00-ff])
[   17.031374] acpi PNP0A03:00: _OSC: OS supports [ASPM ClockPM Segments MSI]
[   17.079104] acpi PNP0A03:00: _OSC failed (AE_NOT_FOUND); disabling ASPM
[   17.138837] acpi PNP0A03:00: fail to add MMCONFIG information, can't access extended PCI configuration space under this bridge.
[   17.180857] PCI host bridge to bus 0000:00
[   17.232961] pci_bus 0000:00: root bus resource [io  0x0000-0x0cf7 window]
[   17.294804] pci_bus 0000:00: root bus resource [io  0x0d00-0xffff window]
[   17.362566] pci_bus 0000:00: root bus resource [mem 0x000a0000-0x000bffff window]
[   17.443328] pci_bus 0000:00: root bus resource [mem 0x5f400000-0xffdfffff window]
[   17.506611] pci_bus 0000:00: root bus resource [bus 00-ff]
[   17.575470] pci 0000:00:01.1: legacy IDE quirk: reg 0x10: [io  0x01f0-0x01f7]
[   17.630602] pci 0000:00:01.1: legacy IDE quirk: reg 0x14: [io  0x03f6]
[   17.694729] pci 0000:00:01.1: legacy IDE quirk: reg 0x18: [io  0x0170-0x0177]
[   17.732091] pci 0000:00:01.1: legacy IDE quirk: reg 0x1c: [io  0x0376]
[   17.792958] pci 0000:00:07.0: quirk: [io  0x4000-0x403f] claimed by PIIX4 ACPI
[   17.854208] pci 0000:00:07.0: quirk: [io  0x4100-0x410f] claimed by PIIX4 SMB
[   17.929794] ACPI: PCI Interrupt Link [LNKA] (IRQs 5 9 10 *11)
[   17.943333] ACPI: PCI Interrupt Link [LNKB] (IRQs 5 9 10 *11)
[   17.945708] ACPI: PCI Interrupt Link [LNKC] (IRQs 5 9 *10 11)
[   17.966505] ACPI: PCI Interrupt Link [LNKD] (IRQs 5 *9 10 11)
[   18.006125] ACPI: Enabled 2 GPEs in block 00 to 07
[   18.049944] vgaarb: setting as boot device: PCI:0000:00:02.0
[   18.075219] vgaarb: device added: PCI:0000:00:02.0,decodes=io+mem,owns=io+mem,locks=none
[   18.095459] vgaarb: loaded
[   18.110809] vgaarb: bridge control possible 0000:00:02.0
[   18.161085] SCSI subsystem initialized
[   18.194228] ACPI: bus type USB registered
[   18.217770] usbcore: registered new interface driver usbfs
[   18.280735] usbcore: registered new interface driver hub
[   18.319394] usbcore: registered new device driver usb
[   18.321612] PCI: Using ACPI for IRQ routing
[   18.371590] NetLabel: Initializing
[   18.392205] NetLabel:  domain hash size = 128
[   18.424535] NetLabel:  protocols = UNLABELED CIPSOv4
[   18.456037] NetLabel:  unlabeled traffic allowed by default
[   18.460497] amd_nb: Cannot enumerate AMD northbridges
[   18.511439] clocksource: Switched to clocksource kvm-clock
[   186093AppArmor:ApArr lest Ebl
[  19.1236]npPnAC iit
[   1.467 p: P PIfound 3 devices

[   19.821373] clocksource: acpi_pm: mask: 0xffffff max_cycles: 0xffffff, max_idle_ns: 2085701024 ns
[   19.999539] NET: Registered protocol family 2
[   20.086125] TCP established hash table entries: 16384 (order: 5, 131072 bytes)
[   20.179416] TCP bind hash table entries: 16384 (order: 6, 262144 bytes)
[   20.181259] TCP: Hash tables configured (established 16384 bind 16384)
[   20.183105] UDP hash table entries: 1024 (order: 3, 32768 bytes)
[   20.204271] UDP-Lite hash table entries: 1024 (order: 3, 32768 bytes)
[   20.206126] NET: Registered protocol family 1
[   20.217364] pci 0000:00:00.0: Limiting direct PCI/PCI transfers
[   20.228084] pci 0000:00:01.0: Activating ISA DMA hang workarounds
[   20.244404] Trying to unpack rootfs image as initramfs...
[   21.707482] Freeing initrd memory: 7280K (ffff8800371b8000 - ffff8800378d4000)
[   1.97] RAP PMdected, API unit is 2^-32 Joules, 4 fixed counters 10737418240 ms ovfl ter
[   2.55]  ut  dmain p0coe -0oues
[   22.757578] hw unit of domain package 2^-0 Joules
[   22.804470] hw unit of domain dram 2^-0 Joules
[   22.844285] hw unit of domain pp1-gpu 2^-0 Joules
[   22.89109] platorm rtc_cmos: registeredplatform RTC device (no PNP device found)
[ 23074]cainfolomeory cruion ve 6send
[   23.817723] futex hash table entries: 512 (order: 3, 32768 bytes)
[   23.897569] tsc: Refined TSC clocksource calibration: 1199.743 MHz
[   23.897572] clocksource: tsc: mask: 0xffffffffffffffff max_cycles: 0x114b28fb2a6, max_idle_ns: 440795258283 ns
[   24.138370] audit: initializing netlink subsys (disabled)
[   24.232060] audit: type=2000 audit(1474461133.284:1): initialized
[   24.361301] Initialise system trusted keyring
[   24.414609] HugeTLB registered 2 MB page size, pre-allocated 0 pages
[   24.585728] zbud: loaded
[   24.612963] VFS: Disk quotas dquot_6.6.0
[   24.657965] VFS: Dquot-cache hash table entries: 512 (order 0, 4096 bytes)
[   24.660274] squashfs: version 4.0 (2009/01/31) Phillip Lougher
[   24.678970] fuse init (API version 7.23)
[   24.692662] Key type big_key registered
[   24.703550] Allocating IMA MOK and blacklist keyrings.
[   24.715852] Key type asymmetric registered
[   24.732072] Asymmetric key parser 'x509' registered
[   24.742816] Block layer SCSI generic (bsg) driver version 0.4 loaded (major 249)
[   24.779413] io scheduler noop registered
[   24.780688] io scheduler deadline registered (default)
[   24.833137] io scheduler cfq registered
[   24.891803] pci_hotplug: PCI Hot Plug PCI Core version: 0.5
[   24.950682] pciehp: PCI Express Hot Plug Controller Driver version: 0.4
[   25.044019] ACPI: AC Adapter [AC] (on-line)
[   25.128130] input: Power Button as /devices/LNXSYSTM:00/LNXPWRBN:00/input/input0
[   25.258407] ACPI: Power Button [PWRF]
[   25.308134] input: Sleep Button as /devices/LNXSYSTM:00/LNXSLPBN:00/input/input1
[   25.404267] ACPI: Sleep Button [SLPF]
[   25.415552] GHES: HEST is not enabled!
[   25.416794] ACPI: Battery Slot [BAT0] (battery present)
[   25.624304] Serial: 8250/16550 driver, 32 ports, IRQ sharing enabled
[   25.671494] 00:02: ttyS0 at I/O 0x3f8 (irq = 4, base_baud = 115200) is a 16550A
[   25.718367] Linux agpgart interface v0.103
[   25.728484] brd: module loaded
[   25.800665] loop: module loaded
[   25.803864] scsi host0: ata_piix
[   25.812541] scsi host1: ata_piix
[   25.823028] ata1: PATA max UDMA/33 cmd 0x1f0 ctl 0x3f6 bmdma 0xd000 irq 14
[   25.833516] ata2: PATA max UDMA/33 cmd 0x170 ctl 0x376 bmdma 0xd008 irq 15
[   25.846559] libphy: Fixed MDIO Bus: probed
[   25.851820] tun: Universal TUN/TAP device driver, 1.6
[   25.858840] tun: (C) 1999-2004 Max Krasnyansky <maxk@qualcomm.com>
[   25.873240] PPP generic driver version 2.4.2
[   25.880499] ehci_hcd: USB 2.0 'Enhanced' Host Controller (EHCI) Driver
[   25.889654] ehci-pci: EHCI PCI platform driver
[   25.891000] ehci-platform: EHCI generic platform driver
[   25.913861] ohci_hcd: USB 1.1 'Open' Host Controller (OHCI) Driver
[   26.012310] ohci-pci: OHCI PCI platform driver
[   26.030038] ohci-platform: OHCI generic platform driver
[   26.031754] uhci_hcd: USB Universal Host Controller Interface driver
[   26.034964] i8042: PNP: PS/2 Controller [PNP0303:PS2K,PNP0f03:PS2M] at 0x60,0x64 irq 1,12
[   26.049067] serio: i8042 KBD port at 0x60,0x64 irq 1
[   26.053597] serio: i8042 AUX port at 0x60,0x64 irq 12
[   26.055094] mousedev: PS/2 mouse device common for all mice
[   26.110042] input: AT Translated Set 2 keyboard as /devices/platform/i8042/serio0/input/input2
[   26.128735] rtc_cmos rtc_cmos: rtc core: registered rtc_cmos as rtc0
[   26.131466] rtc_cmos rtc_cmos: alarms up to one day, 114 bytes nvram
[   26.133486] i2c /dev entries driver
[   26.156622] device-mapper: uevent: version 1.0.3
[   26.165580] device-mapper: ioctl: 4.34.0-ioctl (2015-10-28) initialised: dm-devel@redhat.com
[   26.230769] ledtrig-cpu: registered to indicate activity on CPUs
[   26.297786] NET: Registered protocol family 10
[   26.370943] NET: Registered protocol family 17
[   26.416136] Key type dns_resolver registered
[   26.479376] microcode: CPU0 sig=0x306d4, pf=0x40, revision=0x0
[   26.532217] microcode: CPU1 sig=0x306d4, pf=0x40, revision=0x0
[   26.539078] microcode: Microcode Update Driver: v2.01 <tigran@aivazian.fsnet.co.uk>, Peter Oruba
[   26.546331] registered taskstats version 1
[   26.624041] Loading compiled-in X.509 certificates
[   26.717472] Loaded X.509 cert 'Build time autogenerated kernel key: 181cd957879f68b474ab1d0c92722cd44e756f77'
[   26.816550] zswap: loaded using pool lzo/zbud
[   26.856551] Key type trusted registered
[   26.922801] Key type encrypted registered
[   26.931098] AppArmor: AppArmor sha1 policy hashing enabled
[   26.944236] ima: No TPM chip found, activating TPM-bypass!
[   26.954750] evm: HMAC attrs: 0x1
[   26.960472]   Magic number: 0:347:532
[   26.966815] bdi 1:10: hash matches
[   26.976543] tty ttyS12: hash matches
[   26.988211] rtc_cmos rtc_cmos: setting system clock to 2016-09-21 12:32:28 UTC (1474461148)
[   27.012418] BIOS EDD facility v0.16 2004-Jun-25, 0 devices found
[   27.073634] EDD information not available.
[   27.150872] Freeing unused kernel memory: 1480K (ffffffff81f42000 - ffffffff820b4000)
[   27.155468] Write protecting the kernel read-only data: 14336k
[   27.209845] Freeing unused kernel memory: 1832K (ffff880001836000 - ffff880001a00000)
[   27.297914] Freeing unused kernel memory: 152K (ffff880001dda000 - ffff880001e00000)
Loading, please [   27.413018] random: systemd-udevd urandom read with 5 bits of entropy available
wait...
starting version 229
[   27.548147] Fusion MPT base driver 3.04.20
[   27.590408] Copyright (c) 1999-2008 LSI Corporation
[   27.623748] e1000: Intel(R) PRO/1000 Network Driver - version 7.3.21-k8-NAPI
[   27.732804] e1000: Copyright (c) 1999-2006 Intel Corporation.
[   27.755031] Fusion MPT SPI Host driver 3.04.20
[   27.767147] AVX version of gcm_enc/dec engaged.
[   27.789217] AES CTR mode by8 optimization enabled
[   27.937196] input: ImExPS/2 Generic Explorer Mouse as /devices/platform/i8042/serio1/input/input4
[   28.169992] e1000 0000:00:03.0 eth0: (PCI:33MHz:32-bit) 02:b6:a4:d7:19:c6
[   28.227282] e1000 0000:00:03.0 eth0: Intel(R) PRO/1000 Network Connection
[   28.257437] mptbase: ioc0: Initiating bringup
[   28.358806] ioc0: LSI53C1030 A0: Capabilities={Initiator}
[   28.982053] scsi host2: ioc0: LSI53C1030 A0, FwRev=00000000h, Ports=1, MaxQ=256, IRQ=20
[   29.949495] scsi 2:0:0:0: Direct-Access     VBOX     HARDDISK         1.0  PQ: 0 ANSI: 5
[   30.133975] scsi target2:0:0: Beginning Domain Validation
[   30.246169] scsi target2:0:0: Domain Validation skipping write tests
[   30.278823] scsi target2:0:0: Ending Domain Validation
[   30.282078] scsi target2:0:0: asynchronous
[   30.305367] scsi 2:0:1:0: Direct-Access     VBOX     HARDDISK         1.0  PQ: 0 ANSI: 5
[   30.341696] scsi target2:0:1: Beginning Domain Validation
[   30.381052] scsi target2:0:1: Domain Validation skipping write tests
[   30.411032] scsi target2:0:1: Ending Domain Validation
[   30.426584] scsi target2:0:1: asynchronous
[   30.511534] sd 2:0:0:0: Attached scsi generic sg0 type 0
[   30.511641] sd 2:0:0:0: [sda] 20971520 512-byte logical blocks: (10.7 GB/10.0 GiB)
[   30.511882] sd 2:0:0:0: [sda] Write Protect is off
[   30.512030] sd 2:0:0:0: [sda] Incomplete mode parameter data
[   30.512031] sd 2:0:0:0: [sda] Assuming drive cache: write through
[   30.513395]  sda: sda1
[   30.514302] sd 2:0:0:0: [sda] Attached SCSI disk
[   30.928095] floppy0: no floppy controllers found
[   30.928147] work still pending
[   31.154018] sd 2:0:1:0: [sdb] 20480 512-byte logical blocks: (10.5 MB/10.0 MiB)
[   31.245615] sd 2:0:1:0: Attached scsi generic sg1 type 0
[   31.297639] sd 2:0:1:0: [sdb] Write Protect is off
[   31.404718] sd 2:0:1:0: [sdb] Incomplete mode parameter data
[   31.421918] sd 2:0:1:0: [sdb] Assuming drive cache: write through
[   31.435686] sd 2:0:1:0: [sdb] Attached SCSI disk
Begin: Loading e[   32.932490] md: linear personality registered for level -1
ssential drivers[   33.001718] md: multipath personality registered for level -4
 ... [   33.052221] md: raid0 personality registered for level 0
[   33.108855] md: raid1 personality registered for level 1
[   33.243631] raid6: sse2x1   gen()  8151 MB/s
[   33.355636] raid6: sse2x1   xor()  6105 MB/s
[   33.443666] raid6: sse2x2   gen()  8783 MB/s
[   33.551669] raid6: sse2x2   xor()  5774 MB/s
[   33.655767] raid6: sse2x4   gen()  9916 MB/s
[   33.735685] raid6: sse2x4   xor()  3374 MB/s
[   33.740708] raid6: using algorithm sse2x4 gen() 9916 MB/s
[   33.756051] raid6: .... xor() 3374 MB/s, rmw enabled
[   33.767033] raid6: using ssse3x2 recovery algorithm
[   33.787961] xor: automatically using best checksumming function:
[   33.935936]    avx       : 20773.000 MB/sec
[   33.942264] async_tx: api initialized (async)
[   33.971890] md: raid6 personality registered for level 6
[   34.063713] md: raid5 personality registered for level 5
[   34.121346] md: raid4 personality registered for level 4
[   34.244157] md: raid10 personality registered for level 10
done.
Begin: Running /scripts/init-premount ... done.
Begin: Mounting root file system ... Begin: Running /scripts/local-top ... done.
Begin: Running /scripts/local-premount ... [   34.291796] Btrfs loaded
Scanning for Btrfs filesystems
done.
Warning: fsck no[   34.370697] EXT4-fs (sda1): mounted filesystem with ordered data mode. Opts: (null)
t present, so skipping root file system
done.
Begin: Running /scripts/local-bottom ... done.
Begin: Running /scripts/init-bottom ... Warning: overlayroot: debug is busted
done.
[   34.614648] systemd[1]: systemd 229 running in system mode. (+PAM +AUDIT +SELINUX +IMA +APPARMOR +SMACK +SYSVINIT +UTMP +LIBCRYPTSETUP +GCRYPT +GNUTLS +ACL +XZ -LZ4 +SECCOMP +BLKID +ELFUTILS +KMOD -IDN)
[   34.685948] systemd[1]: Detected virtualization oracle.
[   34.687549] systemd[1]: Detected architecture x86-64.

Welcome to [1mUbuntu 16.04.1 LTS[0m!

[   34.72096] ysmd[1]: Set hostname to <ubuntu-xenil>
[   35.121787] systemd[1]: Created slice User and Session Slice.
[[0;32m  OK  [0m] Created slice User and Session Slice.
[   35.159269] systemd[1]: Listening on udev Control Socket.
[[0;32m  OK  [0m] Listening on udev Control Socket.
[   35.176498] systemd[1]: Reached target User and Group Name Lookups.
[[0;32m  OK  [0m] Reached target User and Group Name Lookups.
[   5.243983] systemd[1]: Listening on LVM2 metadata daemon socket.

[[0;32m  OK  [0m] Listening on LVM2 metadata daemon socket.
[   35.284830] systemd[1]: Listening on LVM2 poll daemon socket.
[[0;32m  OK  [0m] Listening on LVM2 poll daemon socket.
[ 3528097syem1]Reched targe Eryedolumes.

[[0;32m  OK  [0m] Reached target Encrypted Volumes.
[   35.970478]sysem[1 Ltengn url cket (delo.
[[0;32m  OK  [0m] Listening on Journal Socket (/dev/log).
[   36.6576] ystemd[1]: Lstinon Dvice-mpp entaemn FO
[[0;32m  OK  [0m] Listening on Device-mapper event daemon FIFOs.
[   37.277576] systemd[1]: Listening on /dev/initctl Compatibility Named Pipe.
[[0;32m  OK  [0m] Listening on /dev/initctl Compatibility Named Pipe.
[   37.282244] systemd[1]: Reached target Swap.
[[0;32m  OK  [0m] Reached target Swap.
[   37.286904] systemd[1]: Listening on Syslog Socket.
[[0;32m  OK  [0m] Listening on Syslog Socket.
[ 37358185] systemd[1]: Litengn url Sockt.
[[0;32m  OK  [0m] Listening on Journal Socket.
[  37.86656] systemd]:Crteslice SyteSlice.

[[0;32m  OK  [0m] Created slice System Slice.
[   38.247926] systemd[1]: Starting Set console keymap...
[   38.278422] random: nonblocking pool is initialized
         Starting Set console keymap...
[   38.328408] systemd[1]: Starting Create list of required static device nodes for the current kernel...
         Starting Create list of required st... nodes for the current kernel...
[   38.476050] systemd[1]: Mounting Huge Pages File System...
         Mounting Huge Pages File System...
[   38.608114] systemd[1]: Mounting Debug File System...
         Mounting Debug File System...
[   38.715942] systemd[1]: Starting Nameserver information manager...
         Starting Nameserver information manager...
[   38.733668] systemd[1]: Starting Uncomplicated firewall...
         Starting Uncomplicated firewall...
[   38.827962] systemd[1]: Mounting POSIX Message Queue File System...
         Mounting POSIX Message Queue File System...
[   38.908230] systemd[1]: Reached target Slices.
[[0;32m  OK  [0m] Reached target Slices.
[  389803syem1]Created slice system-serial\x2dgettyslice.

[[0;32m  OK  [0m] Created slice system-serial\x2dgetty.slice.
[   39.389340] systemd[1]: Starting Monitoring of LVM2 mirrors, snapshots etc. using dmeventd or progress polling...
         Starting Monitoring of LVM2 mirrors... dmeventd or progress polling...
[   39.410] std[: Listenin oud Kereloct.
[[0;32m  OK  [0m] Listening on udev Kernel Socket.
[   40.082057] systemd[1]: Started Forward Password Requests to Wall Directory Watch.
[[0;32m  OK  [0m] Started Forward Password Requests to Wall Directory Watch.
[ 40.196271] systemd[1]: Listening on Journal Audit Socket.

[[0;32m  OK  [0m] Listening on Journal Audit Socket.
[   40.276221] systemd[1]: Starting Journal Service...
         Starting Journal Service...
[   40.344910] systemd[1]: Set up automount Arbitrary Executable File Formats File System Automount Point.
[[0;32m  OK  [0m] Set up automount Arbitrary Executab...ats File System Automount Point.
[   40.431895] systemd[1]: Starting Load Kernel Modules...
         Starting Load Ke[   40.500555] Loading iSCSI transport class v2.0-870.
rnel Modules...[   40.603744] iscsi: registered transport (tcp)

[   40.655957] systemd[1]: Starting Remount Root and Kernel File Systems...
         Starting Remount[   40.669013] EXT4-fs (sda1): re-mounted. Opts: (null)
 Root and Kernel File Systems...
[   40.697248] systemd[1]: Mounted Huge Pages File System.
[[0;32m  OK  [0[   40.756727] iscsi: registered transport (iser)
m] Mounted Huge Pages File System.
[  40.860319] systemd[1]: Mounted Debug File System.

[[0;32m  OK  [0m] Mounted Debug File System.
[ 40383] systemd[1]: Mounted POSIX Message Queue File System.
[[0;32m  OK  [0m] Mounted POSIX Message Queue File System.
[   41.176117] systemd[1]: Started Journal Service.
[[0;32m  OK  [0m] Started Journal Service.
[[0;32m  OK  [0m] Started Set console keymap.
[[0;32m  OK  [0m] Started Create list of required sta...ce nodes for the current kernel.
[[0;32m  OK  [0m] Started Uncomplicated firewall.
[[0;32m  OK  [0m] Started Load Kernel Modules.
[[0;32m  OK  [0m] Started Remount Root and Kernel File Systems.
[[0;32m  OK  [0m] Started Nameserver information manager.
[[0;32m  OK  [0m] Started LVM2 metadata daemon.
         Starting udev Coldplug all Devices...
         Starting Load/Save Random Seed...
         Starting Apply Kernel Variables...
         Mounting FUSE Control File System...
         Starting Create Static Device Nodes in /dev...
         Starting Flush Journal to Persistent Storage...
[[0;32m  OK  [0m] Mounted FUSE Control File System.
[[0;32m  OK  [0m] Started Load/Save Random Seed.
[[0;32m  OK  [0m] Started Apply Kernel Variables.
[[0;32m  OK  [0m] Started Create Static Device Nodes in /dev.
[[0;32m  OK  [0m] Started udev Coldplug all Devices.
[[0;32m  OK  [0m] Started Flush Journal to Persistent Storage.
         Starting udev Kernel Device Manager...
[[0;32m  OK  [0m] Started udev Kernel Device Manager.
[[0;32m  OK  [0m] Started Dispatch Password Requests to Console Directory Watch.
[[0;32m  OK  [0m] Started Monitoring of LVM2 mirrors,...ng dmeventd or progress polling.
[[0;32m  OK  [0m] Reached target Local File Systems (Pre).
[[0;32m  OK  [0m] Reached target Local File Systems.
         Starting Initial cloud-init job (pre-networking)...
         Starting Tell Plymouth To Write Out Runtime Data...
         Starting Run snappy firstboot setup...
         Starting Create Volatile Files and Directories...
         Starting Set console font and keymap...
         Starting LSB: AppArmor initialization...
[[0;32m  OK  [0m] Started Tell Plymouth To Write Out Runtime Data.
[[0;32m  OK  [0m] Started Run snappy firstboot setup.
[[0;32m  OK  [0m] Started Create Volatile Files and Directories.
[[0;32m  OK  [0m] Found device /dev/ttyS0.
[[0;32m  OK  [0m] Listening on Load/Save RF Kill Switch Status /dev/rfkill Watch.
[[0;32m  OK  [0m] Reached target System Time Synchronized.
         Starting Update UTMP about System Boot/Shutdown...
[[0;32m  OK  [0m] Started Update UTMP about System Boot/Shutdown.
[[0;32m  OK  [0m] Started LSB: AppArmor initialization.
[[0;32m  OK  [0m] Reached target System Initialization.
[[0;32m  OK  [0m] Started Daily apt activities.
[[0;32m  OK  [0m] Started Timer to automatically refresh installed snaps.
[   26.137227] [[0;32m  OK  [0m] Listening on ACPID Listen Socket.
cloud-init[527]: Cloud-init v. 0.7.7 running 'init-local' at Wed, 21 Sep 2016 12:32:45 +0000. Up 25.70 seconds.
[[0;32m  OK  [0m] Started ACPI Events Check.
[[0;32m  OK  [0m] Reached target Paths.
[[0;32m  OK  [0m] Listening on UUID daemon activation socket.
[[0;32m  OK  [0m] Listening on D-Bus System Message Bus Socket.
         Starting LXD - unix socket.
[[0;32m  OK  [0m] Started Daily Cleanup of Temporary Directories.
[[0;32m  OK  [0m] Reached target Timers.
         Starting Socket activation for snappy daemon.
[[0;32m  OK  [0m] Started Set console font and keymap.
[[0;32m  OK  [0m] Listening on LXD - unix socket.
[[0;32m  OK  [0m] Listening on Socket activation for snappy daemon.
[[0;32m  OK  [0m] Started Initial cloud-init job (pre-networking).
[[0;32m  OK  [0m] Reached target Network (Pre).
         Starting Raise network interfaces...
[[0;32m  OK  [0m] Reached target Sockets.
[[0;32m  OK  [0m] Reached target Basic System.
[[0;32m  OK  [0m] Started Regular background program processing daemon.
[[0;32m  OK  [0m] Started ACPI event daemon.
[[0;32m  OK  [0m] Started Deferred execution scheduler.
         Starting Accounts Service...
         Starting LSB: Record successful boot for GRUB...
[[0;32m  OK  [0m] Started D-Bus System Message Bus.
[[0;32m  OK  [0m] Started FUSE filesystem for LXC.
         Starting LSB: MD monitoring daemon...
[[0;32m  OK  [0m] Started Snappy daemon.
         Starting Login Service...
         Starting System Logging Service...
         Starting LXD - container startup/shutdown...
[[0;32m  OK  [0m] Created slice system-getty.slice.
[[0;32m  OK  [0m] Started System Logging Service.
[[0;32m  OK  [0m] Started LSB: Record successful boot for GRUB.
[[0;32m  OK  [0m] Started LSB: MD monitoring daemon.
[[0;32m  OK  [0m] Started LXD - container startup/shutdown.
         Starting Authenticate and Authorize Users to Run Privileged Tasks...
[[0;32m  OK  [0m] Started Login Service.
[[0;32m  OK  [0m] Started Authenticate and Authorize Users to Run Privileged Tasks.
[[0;32m  OK  [0m] Started Accounts Service.
[[0;1;31mFAILED[0m] Failed to start Raise network interfaces.
See 'systemctl status networking.service' for details.
[[0;1;33mDEPEND[0m] Dependency failed for Initial cloud... job (metadata service crawler).
[[0;32m  OK  [0m] Reached target Network.
[[0;32m  OK  [0m] Reached target Cloud-config availability.
[[0;32m  OK  [0m] Reached target Network is Online.
         Starting Pollinate to seed the pseudo random number generator...
         Starting iSCSI initiator daemon (iscsid)...
         Starting /etc/rc.local Compatibility...
         Starting Apply the settings specified in cloud-config...
[[0;32m  OK  [0m] Started /etc/rc.local Compatibility.
[[0;32m  OK  [0m] Started iSCSI initiator daemon (iscsid).
         Starting Login to default iSCSI targets...
[[0;32m  OK  [0m] Started Login to default iSCSI targets.
[[0;32m  OK  [0m] Reached target Remote File Systems (Pre).
[[0;32m  OK  [0m] Reached target Remote File Systems.
         Starting LSB: daemon to balance interrupts for SMP systems...
         Starting Permit User Sessions...
         Starting LSB: automatic crash report generation...
         Starting LSB: VirtualBox Linux Additions...
         Starting LSB: Set the CPU Frequency Scaling governor to "ondemand"...
[[0;32m  OK  [0m] Started Permit User Sessions.
         Starting Hold until boot process finishes up...
         Starting Terminate Plymouth Boot Screen...
[[0;32m  OK  [0m] Started LSB: daemon to balance interrupts for SMP systems.
[[0;32m  OK  [0m] Started LSB: automatic crash report generation.
[[0;32m  OK  [0m] Started LSB: VirtualBox Linux Additions.
[[0;32m  OK  [0m] Started Hold until boot process finishes up.
[[0;32m  OK  [0m] Started Terminate Plymouth Boot Screen.
         Starting Set console scheme...
[[0;32m  OK  [0m] Started Serial Getty on ttyS0.
[[0;32m  OK  [0m] Started Getty on tty1.
[[0;32m  OK  [0m] Reached target Login Prompts.
[[0;32m  OK  [0m] Started LSB: Set the CPU Frequency Scaling governor to "ondemand".
[[0;32m  OK  [0m] Started Set console scheme.
[[0;32m  OK  [0m] Started Pollinate to seed the pseudo random number generator.
         Starting OpenBSD Secure Shell server...
[   28.971426] cloud-init[1003]: Cloud-init v. 0.7.7 running 'modules:config' at Wed, 21 Sep 2016 12:32:48 +0000. Up 28.80 seconds.
[[0;32m  OK  [0m] Started OpenBSD Secure Shell server.
[[0;32m  OK  [0m] Started Apply the settings specified in cloud-config.
         Starting Execute cloud user/final scripts...
[   29.589054] cloud-init[1132]: Cloud-init v. 0.7.7 running 'modules:final' at Wed, 21 Sep 2016 12:32:48 +0000. Up 29.46 seconds.
[   29.717502] cloud-init[1132]: Cloud-init v. 0.7.7 finished at Wed, 21 Sep 2016 12:32:49 +0000. Datasource DataSourceNoCloud [seed=/dev/sdb][dsmode=net].  Up 29.58 seconds
[[0;32m  OK  [0m] Started Execute cloud user/final scripts.
[[0;32m  OK  [0m] Reached target Cloud-init target.
[[0;32m  OK  [0m] Reached target Multi-User System.
[[0;32m  OK  [0m] Reached target Graphical Interface.
         Starting Update UTMP about System Runlevel Changes...
         Starting Notify bootloader that boot was successful...
[[0;32m  OK  [0m] Started Notify bootloader that boot was successful.
[[0;32m  OK  [0m] Started Update UTMP about System Runlevel Changes.

Ubuntu 16.04.1 LTS ubuntu-xenial ttyS0

ubuntu-xenial login: 